
> react-google-sheets-project@1.0.0 start
> react-scripts start

(node:9815) [DEP0176] DeprecationWarning: fs.F_OK is deprecated, use fs.constants.F_OK instead
(Use `node --trace-deprecation ...` to show where the warning was created)
(node:9815) [DEP_WEBPACK_DEV_SERVER_ON_AFTER_SETUP_MIDDLEWARE] DeprecationWarning: 'onAfterSetupMiddleware' option is deprecated. Please use the 'setupMiddlewares' option.
(node:9815) [DEP_WEBPACK_DEV_SERVER_ON_BEFORE_SETUP_MIDDLEWARE] DeprecationWarning: 'onBeforeSetupMiddleware' option is deprecated. Please use the 'setupMiddlewares' option.
Starting the development server...

Compiled successfully!

You can now view react-google-sheets-project in the browser.

  Local:            http://localhost:3000
  On Your Network:  http://192.168.10.63:3000

Note that the development build is not optimized.
To create a production build, use npm run build.

LOG from ./node_modules/sass-loader/dist/cjs.js sass-loader ./node_modules/css-loader/dist/cjs.js??ruleSet[1].rules[1].oneOf[8].use[1]!./node_modules/postcss-loader/dist/cjs.js??ruleSet[1].rules[1].oneOf[8].use[2]!./node_modules/resolve-url-loader/index.js??ruleSet[1].rules[1].oneOf[8].use[3]!./node_modules/sass-loader/dist/cjs.js??ruleSet[1].rules[1].oneOf[8].use[4]!./src/pages/LoginPage.module.scss
<w> Deprecation The legacy JS API is deprecated and will be removed in Dart Sass 2.0.0.
<w> 
<w> More info: https://sass-lang.com/d/legacy-js-api
<w> 
<w> null
<w> Deprecation Sass @import rules are deprecated and will be removed in Dart Sass 3.0.0.
<w> 
<w> More info and automated migrator: https://sass-lang.com/d/import
<w> 
<w> src/pages/LoginPage.module.scss 2:9  root stylesheet
<w> 
<w> Deprecation Sass @import rules are deprecated and will be removed in Dart Sass 3.0.0.
<w> 
<w> More info and automated migrator: https://sass-lang.com/d/import
<w> 
<w> src/pages/LoginPage.module.scss 3:9  root stylesheet
<w>

webpack compiled successfully
Compiled successfully!
webpack compiled successfully
The build failed because the process exited too early. This probably means the system ran out of memory or someone called `kill -9` on the process.
